<?xml version="1.0" encoding="UTF-8"?>
<!-- Generated by org.testng.reporters.JUnitXMLReporter -->
<testsuite ignored="0" hostname="Ashutoshs-MacBook-Air.local" failures="1" tests="3" name="Login Tests" time="105.378" errors="0" timestamp="2025-05-28T10:12:54 IST">
  <testcase classname="com.apple.tests.LoginTest" name="forceFail" time="0.01">
    <failure type="java.lang.AssertionError" message="Intentional Failure expected [true] but found [false]">
      <![CDATA[java.lang.AssertionError: Intentional Failure expected [true] but found [false]
at com.apple.tests.LoginTest.forceFail(LoginTest.java:26)
at java.base/java.util.ArrayList.forEach(ArrayList.java:1596)
... Removed 28 stack frames]]>
    </failure>
  </testcase> <!-- forceFail -->
  <testcase classname="com.apple.tests.LoginTest" name="verifyHomePageTitle" time="0.011"/>
  <testcase classname="com.apple.tests.LoginTest" name="loginToAppleAccount" time="8.445"/>
</testsuite> <!-- Login Tests -->
