<?xml version="1.0" encoding="UTF-8"?>
<testng-results ignored="0" total="1" passed="1" failed="0" skipped="0">
  <reporter-output>
  </reporter-output>
  <suite started-at="2025-04-30T02:46:01 IST" name="Default suite" finished-at="2025-04-30T02:46:06 IST" duration-ms="5209">
    <groups>
    </groups>
    <test started-at="2025-04-30T02:46:01 IST" name="Default test" finished-at="2025-04-30T02:46:06 IST" duration-ms="5209">
      <class name="classwork.classwork">
        <test-method is-config="true" signature="openBrowser()[pri:0, instance:classwork.classwork@35d019a3]" started-at="2025-04-30T02:46:01 IST" name="openBrowser" finished-at="2025-04-30T02:46:06 IST" duration-ms="5033" status="PASS">
          <reporter-output>
          </reporter-output>
        </test-method> <!-- openBrowser -->
        <test-method signature="verifyTitle()[pri:0, instance:classwork.classwork@35d019a3]" started-at="2025-04-30T02:46:06 IST" name="verifyTitle" finished-at="2025-04-30T02:46:06 IST" duration-ms="8" status="PASS">
          <reporter-output>
          </reporter-output>
        </test-method> <!-- verifyTitle -->
        <test-method is-config="true" signature="closeBrowser()[pri:0, instance:classwork.classwork@35d019a3]" started-at="2025-04-30T02:46:06 IST" name="closeBrowser" finished-at="2025-04-30T02:46:06 IST" duration-ms="155" status="PASS">
          <reporter-output>
          </reporter-output>
        </test-method> <!-- closeBrowser -->
      </class> <!-- classwork.classwork -->
    </test> <!-- Default test -->
  </suite> <!-- Default suite -->
</testng-results>
